Building DAG of jobs...
Using shell: /usr/bin/bash
Provided cores: 4
Rules claiming more threads will be scaled down.
Job stats:
job               count    min threads    max threads
--------------  -------  -------------  -------------
all                   1              1              1
create_profile        1              1              1
total                 2              1              1

Select jobs to execute...

[Fri Nov  3 13:55:17 2023]
rule create_profile:
    output: singularity_profile/config.yaml
    jobid: 1
    reason: Missing output files: singularity_profile/config.yaml
    resources: tmpdir=/tmp

[Fri Nov  3 13:55:18 2023]
Finished job 1.
1 of 2 steps (50%) done
Select jobs to execute...

[Fri Nov  3 13:55:18 2023]
localrule all:
    input: singularity_profile/config.yaml
    jobid: 0
    reason: Input files updated by another job: singularity_profile/config.yaml
    resources: tmpdir=/tmp

[Fri Nov  3 13:55:18 2023]
Finished job 0.
2 of 2 steps (100%) done
Complete log: .snakemake/log/2023-11-03T135517.384742.snakemake.log
