Building DAG of jobs...
Using shell: /usr/bin/bash
Provided cores: 16
Rules claiming more threads will be scaled down.
Job stats:
job                 count    min threads    max threads
----------------  -------  -------------  -------------
all                     1              1              1
copy_params             1              1              1
generate_contigs        1              1              1
total                   3              1              1

Select jobs to execute...

[Fri Nov  3 13:55:33 2023]
rule generate_contigs:
    input: /media/alfred/basic_file_syste/charlie/test-data_outputs/miptools_analysis_no_jupyter_v0.3/aligned_haplotypes.csv
    output: /media/alfred/basic_file_syste/charlie/test-data_outputs/miptools_analysis_no_jupyter_v0.3/padded_bams, /media/alfred/basic_file_syste/charlie/test-data_outputs/miptools_analysis_no_jupyter_v0.3/padded_fastqs, /media/alfred/basic_file_syste/charlie/test-data_outputs/miptools_analysis_no_jupyter_v0.3/freebayes_command_dict.yaml
    jobid: 1
    reason: Missing output files: /media/alfred/basic_file_syste/charlie/test-data_outputs/miptools_analysis_no_jupyter_v0.3/freebayes_command_dict.yaml
    resources: tmpdir=/tmp, mem_mb=200000, mem_mib=190735, nodes=16, time_min=5760, log_dir=/media/alfred/basic_file_syste/charlie/test-data_outputs/miptools_analysis_no_jupyter_v0.3/run_settings/generate_contigs_and_run_freebayes

[Fri Nov  3 13:55:33 2023]
rule copy_params:
    input: generate_contigs.smk, run_freebayes.smk, miptools_analysis_no_jupyter.yaml, singularity_profile, scripts
    output: /media/alfred/basic_file_syste/charlie/test-data_outputs/miptools_analysis_no_jupyter_v0.3/run_settings/generate_contigs_and_run_freebayes/generate_contigs.smk, /media/alfred/basic_file_syste/charlie/test-data_outputs/miptools_analysis_no_jupyter_v0.3/run_settings/generate_contigs_and_run_freebayes/run_freebayes.smk, /media/alfred/basic_file_syste/charlie/test-data_outputs/miptools_analysis_no_jupyter_v0.3/run_settings/generate_contigs_and_run_freebayes/miptools_analysis_no_jupyter.yaml, /media/alfred/basic_file_syste/charlie/test-data_outputs/miptools_analysis_no_jupyter_v0.3/run_settings/generate_contigs_and_run_freebayes/singularity_profile, /media/alfred/basic_file_syste/charlie/test-data_outputs/miptools_analysis_no_jupyter_v0.3/run_settings/generate_contigs_and_run_freebayes/scripts
    jobid: 2
    reason: Missing output files: /media/alfred/basic_file_syste/charlie/test-data_outputs/miptools_analysis_no_jupyter_v0.3/run_settings/generate_contigs_and_run_freebayes/generate_contigs.smk
    resources: tmpdir=/tmp, log_dir=/media/alfred/basic_file_syste/charlie/test-data_outputs/miptools_analysis_no_jupyter_v0.3/run_settings/generate_contigs_and_run_freebayes


		cp generate_contigs.smk /media/alfred/basic_file_syste/charlie/test-data_outputs/miptools_analysis_no_jupyter_v0.3/run_settings/generate_contigs_and_run_freebayes/generate_contigs.smk
		cp run_freebayes.smk /media/alfred/basic_file_syste/charlie/test-data_outputs/miptools_analysis_no_jupyter_v0.3/run_settings/generate_contigs_and_run_freebayes/run_freebayes.smk
		cp miptools_analysis_no_jupyter.yaml /media/alfred/basic_file_syste/charlie/test-data_outputs/miptools_analysis_no_jupyter_v0.3/run_settings/generate_contigs_and_run_freebayes/miptools_analysis_no_jupyter.yaml
		cp -r singularity_profile /media/alfred/basic_file_syste/charlie/test-data_outputs/miptools_analysis_no_jupyter_v0.3/run_settings/generate_contigs_and_run_freebayes/singularity_profile
		cp -r scripts /media/alfred/basic_file_syste/charlie/test-data_outputs/miptools_analysis_no_jupyter_v0.3/run_settings/generate_contigs_and_run_freebayes/scripts
		
[Fri Nov  3 13:55:33 2023]
Finished job 2.
1 of 3 steps (33%) done
python /home/charlie/simkin_bioinformatics_git/miptools_analysis_no_jupyter_prototyping_v0.3/.snakemake/scripts/tmpy_vgv0_b.generate_contigs.py
Activating singularity image /media/alfred/basic_file_syste/charlie/miptools_data/miptools_dev_plus_bcl2fastq_23-08-25.sif
[Fri Nov  3 13:55:39 2023]
Finished job 1.
2 of 3 steps (67%) done
Select jobs to execute...

[Fri Nov  3 13:55:39 2023]
localrule all:
    input: /media/alfred/basic_file_syste/charlie/test-data_outputs/miptools_analysis_no_jupyter_v0.3/freebayes_command_dict.yaml, /media/alfred/basic_file_syste/charlie/test-data_outputs/miptools_analysis_no_jupyter_v0.3/run_settings/generate_contigs_and_run_freebayes/generate_contigs.smk
    jobid: 0
    reason: Input files updated by another job: /media/alfred/basic_file_syste/charlie/test-data_outputs/miptools_analysis_no_jupyter_v0.3/run_settings/generate_contigs_and_run_freebayes/generate_contigs.smk, /media/alfred/basic_file_syste/charlie/test-data_outputs/miptools_analysis_no_jupyter_v0.3/freebayes_command_dict.yaml
    resources: tmpdir=/tmp

[Fri Nov  3 13:55:39 2023]
Finished job 0.
3 of 3 steps (100%) done
Complete log: .snakemake/log/2023-11-03T135532.723889.snakemake.log
